Vercel CLI 50.1.3
Retrieving project…
Deploying bantangs-projects/diagnosis-system
Uploading [--------------------] (0.0B/3.5KB)
Uploading [=======-------------] (1.3KB/3.5KB)
Uploading [====================] (3.5KB/3.5KB)
Inspect: https://vercel.com/bantangs-projects/diagnosis-system/FfXQeDSixBMr16KGC6j4uXWnMXVt [2s]
Production: https://diagnosis-system-2f5qpp6tz-bantangs-projects.vercel.app [2s]
https://diagnosis-system-2f5qpp6tz-bantangs-projects.vercel.appQueued...
Queued...
Building: Running build in Washington, D.C., USA (East) – iad1
Building: Build machine configuration: 2 cores, 8 GB
Building: Retrieving list of deployment files...
Building: Previous build caches not available.
Building: Downloading 59 deployment files...
Building: Running "vercel build"
Building: Vercel CLI 50.1.3
Building: Installing dependencies...
Building: > diagnosis-system@0.1.0 postinstall
Building: > prisma generate
Building: Loaded Prisma config from prisma.config.ts.
Building: Prisma schema loaded from prisma/schema.prisma.
Building: ✔ Generated Prisma Client (v7.2.0) to ./node_modules/@prisma/client in 51ms
Building: Start by importing your Prisma Client (See: https://pris.ly/d/importing-client)
Building: Tip: Interested in query caching in just a few lines of code? Try Accelerate today! https://pris.ly/tip-3-accelerate
Building: added 530 packages in 19s
Building: 160 packages are looking for funding
Building: run `npm fund` for details
Building: Detected Next.js version: 16.1.1
Building: Running "npm run build"
Building: > diagnosis-system@0.1.0 build
Building: > prisma generate && next build
Building: Loaded Prisma config from prisma.config.ts.
Building: Prisma schema loaded from prisma/schema.prisma.
Building: ✔ Generated Prisma Client (v7.2.0) to ./node_modules/@prisma/client in 42ms
Building: Start by importing your Prisma Client (See: https://pris.ly/d/importing-client)
Building: Tip: Interested in query caching in just a few lines of code? Try Accelerate today! https://pris.ly/tip-3-accelerate
Building: Attention: Next.js now collects completely anonymous telemetry regarding usage.
Building: This information is used to shape Next.js' roadmap and prioritize features.
Building: You can learn more, including how to opt-out if you'd not like to participate in this anonymous program, by visiting the following URL:
Building: https://nextjs.org/telemetry
Building: ▲ Next.js 16.1.1 (Turbopack)
Building: - Environments: .env
Building: - Experiments (use with caution):
Building: · serverActions
Building: Creating an optimized production build ...
Building: ✓ Compiled successfully in 9.7s
Building: Running TypeScript ...
Building: Collecting page data using 1 worker ...
Building: Generating static pages using 1 worker (0/8) ...
Building: Generating static pages using 1 worker (2/8)
Building: Generating static pages using 1 worker (4/8)
Building: Generating static pages using 1 worker (6/8)
Building: ✓ Generating static pages using 1 worker (8/8) in 265.1ms
Building: Finalizing page optimization ...
Building: Route (app)
Building: ┌ ○ /
Building: ├ ○ /_not-found
Building: ├ ƒ /admin
Building: ├ ƒ /admin/submission/[id]
Building: ├ ƒ /api/proxy-download
Building: ├ ○ /check
Building: ├ ○ /login
Building: ├ ○ /report
Building: └ ƒ /report/[id]
Building: ○  (Static)   prerendered as static content
Building: ƒ  (Dynamic)  server-rendered on demand
Building: Traced Next.js server files in: 36.365ms
Building: Created all serverless functions in: 168.349ms
Building: Collected static files (public/, static/, .next/static): 3.936ms
Building: Build Completed in /vercel/output [39s]
Building: Deploying outputs...
[2K[1A[2K[GProduction: https://diagnosis-system-2f5qpp6tz-bantangs-projects.vercel.app [52s]
Completing...
Aliased: https://diagnosis-system-liard.vercel.app [52s]
